<?xml version="1.0" encoding="UTF-8"?>
<testng-results skipped="0" failed="1" ignored="0" total="7" passed="6">
  <reporter-output>
  </reporter-output>
  <suite name="Suite" duration-ms="8915" started-at="2017-07-26T18:09:23Z" finished-at="2017-07-26T18:09:32Z">
    <groups>
    </groups>
    <test name="Test1" duration-ms="8915" started-at="2017-07-26T18:09:23Z" finished-at="2017-07-26T18:09:32Z">
      <class name="com.mycompany.app.AppTest">
        <test-method status="FAIL" signature="test()[pri:0, instance:com.mycompany.app.AppTest@239963d8]" name="test" duration-ms="8565" started-at="2017-07-26T23:39:23Z" finished-at="2017-07-26T23:39:32Z">
          <exception class="org.openqa.selenium.remote.UnreachableBrowserException">
            <message>
              <![CDATA[Could not start a new session. Possible causes are invalid address of the remote server or browser start-up failure.
Build info: version: '3.4.0', revision: 'unknown', time: 'unknown'
System info: host: 'SINJINI-PC', ip: '169.254.9.228', os.name: 'Windows 7', os.arch: 'amd64', os.version: '6.1', java.version: '1.8.0_141'
Driver info: driver.version: AndroidDriver]]>
            </message>
            <full-stacktrace>
              <![CDATA[org.openqa.selenium.remote.UnreachableBrowserException: Could not start a new session. Possible causes are invalid address of the remote server or browser start-up failure.
Build info: version: '3.4.0', revision: 'unknown', time: 'unknown'
System info: host: 'SINJINI-PC', ip: '169.254.9.228', os.name: 'Windows 7', os.arch: 'amd64', os.version: '6.1', java.version: '1.8.0_141'
Driver info: driver.version: AndroidDriver
	at org.openqa.selenium.remote.RemoteWebDriver.execute(RemoteWebDriver.java:658)
	at io.appium.java_client.AppiumDriver.execute(AppiumDriver.java:180)
	at org.openqa.selenium.remote.RemoteWebDriver.startSession(RemoteWebDriver.java:250)
	at org.openqa.selenium.remote.RemoteWebDriver.startSession(RemoteWebDriver.java:236)
	at org.openqa.selenium.remote.RemoteWebDriver.<init>(RemoteWebDriver.java:137)
	at org.openqa.selenium.remote.RemoteWebDriver.<init>(RemoteWebDriver.java:174)
	at io.appium.java_client.AppiumDriver.<init>(AppiumDriver.java:109)
	at io.appium.java_client.android.AndroidDriver.<init>(AndroidDriver.java:39)
	at com.mycompany.app.AppTest.test(AppTest.java:46)
	at sun.reflect.NativeMethodAccessorImpl.invoke0(Native Method)
	at sun.reflect.NativeMethodAccessorImpl.invoke(NativeMethodAccessorImpl.java:62)
	at sun.reflect.DelegatingMethodAccessorImpl.invoke(DelegatingMethodAccessorImpl.java:43)
	at java.lang.reflect.Method.invoke(Method.java:498)
	at org.testng.internal.MethodInvocationHelper.invokeMethod(MethodInvocationHelper.java:108)
	at org.testng.internal.Invoker.invokeMethod(Invoker.java:661)
	at org.testng.internal.Invoker.invokeTestMethod(Invoker.java:869)
	at org.testng.internal.Invoker.invokeTestMethods(Invoker.java:1193)
	at org.testng.internal.TestMethodWorker.invokeTestMethods(TestMethodWorker.java:126)
	at org.testng.internal.TestMethodWorker.run(TestMethodWorker.java:109)
	at org.testng.TestRunner.privateRun(TestRunner.java:744)
	at org.testng.TestRunner.run(TestRunner.java:602)
	at org.testng.SuiteRunner.runTest(SuiteRunner.java:380)
	at org.testng.SuiteRunner.access$000(SuiteRunner.java:39)
	at org.testng.SuiteRunner$SuiteWorker.run(SuiteRunner.java:414)
	at org.testng.internal.thread.ThreadUtil$1.call(ThreadUtil.java:52)
	at java.util.concurrent.FutureTask.run(FutureTask.java:266)
	at java.util.concurrent.ThreadPoolExecutor.runWorker(ThreadPoolExecutor.java:1149)
	at java.util.concurrent.ThreadPoolExecutor$Worker.run(ThreadPoolExecutor.java:624)
	at java.lang.Thread.run(Thread.java:748)
Caused by: org.apache.http.conn.HttpHostConnectException: Connect to 127.0.0.1:4723 [/127.0.0.1] failed: Connection refused: connect
	at org.apache.http.impl.conn.DefaultHttpClientConnectionOperator.connect(DefaultHttpClientConnectionOperator.java:159)
	at org.apache.http.impl.conn.PoolingHttpClientConnectionManager.connect(PoolingHttpClientConnectionManager.java:359)
	at org.apache.http.impl.execchain.MainClientExec.establishRoute(MainClientExec.java:381)
	at org.apache.http.impl.execchain.MainClientExec.execute(MainClientExec.java:237)
	at org.apache.http.impl.execchain.ProtocolExec.execute(ProtocolExec.java:185)
	at org.apache.http.impl.execchain.RetryExec.execute(RetryExec.java:89)
	at org.apache.http.impl.execchain.RedirectExec.execute(RedirectExec.java:111)
	at org.apache.http.impl.client.InternalHttpClient.doExecute(InternalHttpClient.java:185)
	at org.apache.http.impl.client.CloseableHttpClient.execute(CloseableHttpClient.java:72)
	at org.apache.http.impl.client.CloseableHttpClient.execute(CloseableHttpClient.java:56)
	at org.openqa.selenium.remote.internal.ApacheHttpClient.fallBackExecute(ApacheHttpClient.java:139)
	at org.openqa.selenium.remote.internal.ApacheHttpClient.execute(ApacheHttpClient.java:87)
	at org.openqa.selenium.remote.ProtocolHandshake.createSession(ProtocolHandshake.java:343)
	at org.openqa.selenium.remote.ProtocolHandshake.createSession(ProtocolHandshake.java:159)
	at org.openqa.selenium.remote.HttpCommandExecutor.execute(HttpCommandExecutor.java:142)
	at org.openqa.selenium.remote.RemoteWebDriver.execute(RemoteWebDriver.java:637)
	... 28 more
Caused by: java.net.ConnectException: Connection refused: connect
	at java.net.DualStackPlainSocketImpl.waitForConnect(Native Method)
	at java.net.DualStackPlainSocketImpl.socketConnect(DualStackPlainSocketImpl.java:85)
	at java.net.AbstractPlainSocketImpl.doConnect(AbstractPlainSocketImpl.java:350)
	at java.net.AbstractPlainSocketImpl.connectToAddress(AbstractPlainSocketImpl.java:206)
	at java.net.AbstractPlainSocketImpl.connect(AbstractPlainSocketImpl.java:188)
	at java.net.PlainSocketImpl.connect(PlainSocketImpl.java:172)
	at java.net.SocksSocketImpl.connect(SocksSocketImpl.java:392)
	at java.net.Socket.connect(Socket.java:589)
	at org.apache.http.conn.socket.PlainConnectionSocketFactory.connectSocket(PlainConnectionSocketFactory.java:75)
	at org.apache.http.impl.conn.DefaultHttpClientConnectionOperator.connect(DefaultHttpClientConnectionOperator.java:142)
	... 43 more
]]>
            </full-stacktrace>
          </exception> <!-- org.openqa.selenium.remote.UnreachableBrowserException -->
          <reporter-output>
          </reporter-output>
        </test-method> <!-- test -->
      </class> <!-- com.mycompany.app.AppTest -->
      <class name="com.mycompany.app.ValidationTest">
        <test-method status="PASS" signature="UseridGeneration()[pri:0, instance:com.mycompany.app.ValidationTest@464bee09]" name="UseridGeneration" is-config="true" duration-ms="7187" started-at="2017-07-26T23:39:16Z" finished-at="2017-07-26T23:39:23Z">
          <reporter-output>
          </reporter-output>
        </test-method> <!-- UseridGeneration -->
      </class> <!-- com.mycompany.app.ValidationTest -->
      <class name="com.mycompany.app.ValidationTest3">
        <test-method status="PASS" signature="FlightBookings()[pri:0, instance:com.mycompany.app.ValidationTest3@13deb50e]" name="FlightBookings" duration-ms="4" started-at="2017-07-26T23:39:32Z" finished-at="2017-07-26T23:39:32Z">
          <reporter-output>
          </reporter-output>
        </test-method> <!-- FlightBookings -->
        <test-method status="PASS" signature="UseridGeneration()[pri:0, instance:com.mycompany.app.ValidationTest3@13deb50e]" name="UseridGeneration" is-config="true" duration-ms="0" started-at="2017-07-26T23:39:32Z" finished-at="2017-07-26T23:39:32Z">
          <reporter-output>
          </reporter-output>
        </test-method> <!-- UseridGeneration -->
        <test-method status="PASS" signature="Reportadding()[pri:0, instance:com.mycompany.app.ValidationTest3@13deb50e]" name="Reportadding" is-config="true" duration-ms="0" started-at="2017-07-26T23:39:32Z" finished-at="2017-07-26T23:39:32Z">
          <reporter-output>
          </reporter-output>
        </test-method> <!-- Reportadding -->
        <test-method status="PASS" signature="UseridGeneration()[pri:0, instance:com.mycompany.app.ValidationTest3@13deb50e]" name="UseridGeneration" is-config="true" duration-ms="0" started-at="2017-07-26T23:39:32Z" finished-at="2017-07-26T23:39:32Z">
          <reporter-output>
          </reporter-output>
        </test-method> <!-- UseridGeneration -->
        <test-method status="PASS" signature="FlightCancel()[pri:0, instance:com.mycompany.app.ValidationTest3@13deb50e]" name="FlightCancel" duration-ms="1" started-at="2017-07-26T23:39:32Z" finished-at="2017-07-26T23:39:32Z">
          <reporter-output>
          </reporter-output>
        </test-method> <!-- FlightCancel -->
        <test-method status="PASS" signature="Reportadding()[pri:0, instance:com.mycompany.app.ValidationTest3@13deb50e]" name="Reportadding" is-config="true" duration-ms="1" started-at="2017-07-26T23:39:32Z" finished-at="2017-07-26T23:39:32Z">
          <reporter-output>
          </reporter-output>
        </test-method> <!-- Reportadding -->
        <test-method status="PASS" signature="OpeningBrowser()[pri:0, instance:com.mycompany.app.ValidationTest3@13deb50e]" name="OpeningBrowser" duration-ms="3" started-at="2017-07-26T23:39:32Z" finished-at="2017-07-26T23:39:32Z">
          <reporter-output>
          </reporter-output>
        </test-method> <!-- OpeningBrowser -->
        <test-method status="PASS" signature="UseridGeneration()[pri:0, instance:com.mycompany.app.ValidationTest3@13deb50e]" name="UseridGeneration" is-config="true" duration-ms="0" started-at="2017-07-26T23:39:32Z" finished-at="2017-07-26T23:39:32Z">
          <reporter-output>
          </reporter-output>
        </test-method> <!-- UseridGeneration -->
        <test-method status="PASS" signature="Reportadding()[pri:0, instance:com.mycompany.app.ValidationTest3@13deb50e]" name="Reportadding" is-config="true" duration-ms="0" started-at="2017-07-26T23:39:32Z" finished-at="2017-07-26T23:39:32Z">
          <reporter-output>
          </reporter-output>
        </test-method> <!-- Reportadding -->
      </class> <!-- com.mycompany.app.ValidationTest3 -->
      <class name="com.mycompany.app.ValidationTest2">
        <test-method status="PASS" signature="Cookies()[pri:0, instance:com.mycompany.app.ValidationTest2@f6c48ac]" name="Cookies" is-config="true" duration-ms="1" started-at="2017-07-26T23:39:23Z" finished-at="2017-07-26T23:39:23Z">
          <reporter-output>
          </reporter-output>
        </test-method> <!-- Cookies -->
        <test-method status="PASS" signature="Cookies()[pri:0, instance:com.mycompany.app.ValidationTest3@13deb50e]" name="Cookies" is-config="true" duration-ms="1" started-at="2017-07-26T23:39:23Z" finished-at="2017-07-26T23:39:23Z">
          <reporter-output>
          </reporter-output>
        </test-method> <!-- Cookies -->
        <test-method status="PASS" signature="UseridGeneration()[pri:0, instance:com.mycompany.app.ValidationTest2@f6c48ac]" name="UseridGeneration" is-config="true" duration-ms="1" started-at="2017-07-26T23:39:32Z" finished-at="2017-07-26T23:39:32Z">
          <reporter-output>
          </reporter-output>
        </test-method> <!-- UseridGeneration -->
        <test-method status="PASS" signature="FlightBookings()[pri:0, instance:com.mycompany.app.ValidationTest2@f6c48ac]" name="FlightBookings" duration-ms="3" started-at="2017-07-26T23:39:32Z" finished-at="2017-07-26T23:39:32Z">
          <reporter-output>
          </reporter-output>
        </test-method> <!-- FlightBookings -->
        <test-method status="PASS" signature="Reportadding()[pri:0, instance:com.mycompany.app.ValidationTest2@f6c48ac]" name="Reportadding" is-config="true" duration-ms="2" started-at="2017-07-26T23:39:32Z" finished-at="2017-07-26T23:39:32Z">
          <reporter-output>
          </reporter-output>
        </test-method> <!-- Reportadding -->
        <test-method status="PASS" signature="FlightCancel()[pri:0, instance:com.mycompany.app.ValidationTest2@f6c48ac]" name="FlightCancel" duration-ms="1" started-at="2017-07-26T23:39:32Z" finished-at="2017-07-26T23:39:32Z">
          <reporter-output>
          </reporter-output>
        </test-method> <!-- FlightCancel -->
        <test-method status="PASS" signature="UseridGeneration()[pri:0, instance:com.mycompany.app.ValidationTest2@f6c48ac]" name="UseridGeneration" is-config="true" duration-ms="0" started-at="2017-07-26T23:39:32Z" finished-at="2017-07-26T23:39:32Z">
          <reporter-output>
          </reporter-output>
        </test-method> <!-- UseridGeneration -->
        <test-method status="PASS" signature="Reportadding()[pri:0, instance:com.mycompany.app.ValidationTest2@f6c48ac]" name="Reportadding" is-config="true" duration-ms="0" started-at="2017-07-26T23:39:32Z" finished-at="2017-07-26T23:39:32Z">
          <reporter-output>
          </reporter-output>
        </test-method> <!-- Reportadding -->
        <test-method status="PASS" signature="UseridGeneration()[pri:0, instance:com.mycompany.app.ValidationTest2@f6c48ac]" name="UseridGeneration" is-config="true" duration-ms="1" started-at="2017-07-26T23:39:32Z" finished-at="2017-07-26T23:39:32Z">
          <reporter-output>
          </reporter-output>
        </test-method> <!-- UseridGeneration -->
        <test-method status="PASS" signature="OpeningBrowser()[pri:0, instance:com.mycompany.app.ValidationTest2@f6c48ac]" name="OpeningBrowser" duration-ms="1" started-at="2017-07-26T23:39:32Z" finished-at="2017-07-26T23:39:32Z">
          <reporter-output>
          </reporter-output>
        </test-method> <!-- OpeningBrowser -->
        <test-method status="PASS" signature="Reportadding()[pri:0, instance:com.mycompany.app.ValidationTest2@f6c48ac]" name="Reportadding" is-config="true" duration-ms="0" started-at="2017-07-26T23:39:32Z" finished-at="2017-07-26T23:39:32Z">
          <reporter-output>
          </reporter-output>
        </test-method> <!-- Reportadding -->
        <test-method status="PASS" signature="Cookiesclose()[pri:0, instance:com.mycompany.app.ValidationTest2@f6c48ac]" name="Cookiesclose" is-config="true" duration-ms="0" started-at="2017-07-26T23:39:32Z" finished-at="2017-07-26T23:39:32Z">
          <reporter-output>
          </reporter-output>
        </test-method> <!-- Cookiesclose -->
        <test-method status="PASS" signature="Cookiesclose()[pri:0, instance:com.mycompany.app.ValidationTest3@13deb50e]" name="Cookiesclose" is-config="true" duration-ms="1" started-at="2017-07-26T23:39:32Z" finished-at="2017-07-26T23:39:32Z">
          <reporter-output>
          </reporter-output>
        </test-method> <!-- Cookiesclose -->
      </class> <!-- com.mycompany.app.ValidationTest2 -->
    </test> <!-- Test1 -->
  </suite> <!-- Suite -->
</testng-results>
